[0420/200316.486:ERROR:os_crypt_win.cc(93)] Failed to decrypt: Key not valid for use in specified state. (0x8009000B)
[0420/200317.893:WARNING:value_store_frontend.cc(45)] Reading mhjfbmdgcfjbbpaeojofohoefgiehjai.alarms from  failed: IO error: .../MANIFEST-000001: Unable to create sequential file (ChromeMethodBFE: 7::NewSequentialFile::1)
[0420/200440.062:WARNING:angle_platform_impl.cc(48)] HLSLCompiler.cpp:257 (compileToBinary): 
C:\fakepath(102,1-6): warning X4000: use of potentially uninitialized variable (dyn_index_vec4_float4)

[0420/200440.168:WARNING:angle_platform_impl.cc(48)] HLSLCompiler.cpp:257 (compileToBinary): 
C:\fakepath(135,1): warning X4000: use of potentially uninitialized variable (f_i)
C:\fakepath(137,1): warning X4000: use of potentially uninitialized variable (f_i)
C:\fakepath(173,1): warning X4000: use of potentially uninitialized variable (f_u)

[0420/200441.693:WARNING:angle_platform_impl.cc(48)] HLSLCompiler.cpp:257 (compileToBinary): 
C:\fakepath(165,1): warning X4000: use of potentially uninitialized variable (f_renderMipMapLevel)

[0420/200441.701:WARNING:angle_platform_impl.cc(48)] HLSLCompiler.cpp:257 (compileToBinary): 
C:\fakepath(165,1): warning X4000: use of potentially uninitialized variable (f_renderMipMapLevel)

[0420/200441.708:WARNING:angle_platform_impl.cc(48)] HLSLCompiler.cpp:257 (compileToBinary): 
C:\fakepath(165,1): warning X4000: use of potentially uninitialized variable (f_renderMipMapLevel)

[0420/200441.710:WARNING:angle_platform_impl.cc(48)] HLSLCompiler.cpp:257 (compileToBinary): 
C:\fakepath(165,1): warning X4000: use of potentially uninitialized variable (f_renderMipMapLevel)

[0420/200516.853:ERROR:gpu_init.cc(426)] Passthrough is not supported, GL is disabled
[0420/202731.565:WARNING:angle_platform_impl.cc(48)] HLSLCompiler.cpp:257 (compileToBinary): 
C:\fakepath(102,1-6): warning X4000: use of potentially uninitialized variable (dyn_index_vec4_float4)

[0420/202731.658:WARNING:angle_platform_impl.cc(48)] HLSLCompiler.cpp:257 (compileToBinary): 
C:\fakepath(135,1): warning X4000: use of potentially uninitialized variable (f_i)
C:\fakepath(137,1): warning X4000: use of potentially uninitialized variable (f_i)
C:\fakepath(173,1): warning X4000: use of potentially uninitialized variable (f_u)

[0420/202733.654:WARNING:angle_platform_impl.cc(48)] HLSLCompiler.cpp:257 (compileToBinary): 
C:\fakepath(165,1): warning X4000: use of potentially uninitialized variable (f_renderMipMapLevel)

